126
0 0 1 205
0 206 102 209
0 210 102 213
0 214 102 217
0 218 102 221
0 222 102 225
0 226 102 229
0 230 102 233
0 234 102 237
0 238 102 241
0 242 102 245
0 246 102 249
2 0 3 205
4 0 5 205
6 0 7 205
8 0 9 205
10 0 11 205
12 0 13 205
14 0 15 205
16 0 17 205
18 0 19 205
20 0 21 205
22 0 23 205
24 0 25 205
26 0 27 205
28 0 29 205
30 0 31 205
32 0 33 205
34 0 35 205
36 0 37 205
38 0 39 205
40 0 41 205
42 0 43 205
44 0 45 205
46 0 47 205
48 0 49 205
50 0 51 205
52 0 53 205
54 0 55 205
56 0 57 205
58 0 59 205
60 0 61 205
62 0 63 205
64 0 65 205
66 0 67 205
68 0 69 205
70 0 71 205
72 0 73 205
74 0 75 205
76 0 77 205
78 0 79 205
80 0 81 205
82 0 83 205
84 0 85 205
86 0 87 205
88 0 89 205
90 0 91 205
92 0 93 205
94 0 95 205
96 0 97 205
98 0 99 205
100 0 101 205
102 0 103 205
103 206 112 246
103 247 199 249
104 0 105 205
106 0 107 205
108 0 109 205
110 0 111 205
112 0 113 205
113 206 122 246
114 0 115 205
116 0 117 205
118 0 119 205
120 0 121 205
122 0 123 205
123 206 132 246
124 0 125 205
126 0 127 205
128 0 129 205
130 0 131 205
132 0 133 205
133 206 142 246
134 0 135 205
136 0 137 205
138 0 139 205
140 0 141 205
142 0 143 205
143 206 152 246
144 0 145 205
146 0 147 205
148 0 149 205
150 0 151 205
152 0 153 205
153 206 162 246
154 0 155 205
156 0 157 205
158 0 159 205
160 0 161 205
162 0 163 205
163 206 172 246
164 0 165 205
166 0 167 205
168 0 169 205
170 0 171 205
172 0 173 205
173 206 182 246
174 0 175 205
176 0 177 205
178 0 179 205
180 0 181 205
182 0 183 205
183 206 192 246
184 0 185 205
186 0 187 205
188 0 189 205
190 0 191 205
192 0 193 205
193 206 199 213
193 214 199 221
193 222 199 229
193 230 199 237
193 238 199 245
194 0 195 205
196 0 197 205
198 0 199 205
